<?xml version="1.0" encoding="UTF-8"?>
<testng-results ignored="0" total="2" passed="2" failed="0" skipped="0">
  <reporter-output>
  </reporter-output>
  <suite started-at="2022-04-15T08:41:03 EEST" name="TestAddAssignment" finished-at="2022-04-15T08:41:03 EEST" duration-ms="79">
    <groups>
    </groups>
    <test started-at="2022-04-15T08:41:03 EEST" name="Command line test" finished-at="2022-04-15T08:41:03 EEST" duration-ms="79">
      <class name="TestAddAssignment">
        <test-method signature="testAddAssignmentSuccessfully()[pri:0, instance:TestAddAssignment@c267ef4]" started-at="2022-04-15T08:41:03 EEST" name="testAddAssignmentSuccessfully" finished-at="2022-04-15T08:41:03 EEST" duration-ms="53" status="PASS">
          <reporter-output>
          </reporter-output>
        </test-method> <!-- testAddAssignmentSuccessfully -->
        <test-method signature="testAddInvalidAssignment()[pri:0, instance:TestAddAssignment@c267ef4]" started-at="2022-04-15T08:41:03 EEST" name="testAddInvalidAssignment" finished-at="2022-04-15T08:41:03 EEST" duration-ms="4" status="PASS">
          <reporter-output>
          </reporter-output>
        </test-method> <!-- testAddInvalidAssignment -->
      </class> <!-- TestAddAssignment -->
    </test> <!-- Command line test -->
  </suite> <!-- TestAddAssignment -->
</testng-results>
